<?xml version="1.0" encoding="UTF-8"?>
<!-- Generated by org.testng.reporters.JUnitReportReporter -->
<testsuite skipped="0" hostname="Murari-PC" name="com.tailorManStore.businessScript.LoginTestCase" tests="2" failures="0" timestamp="25 Mar 2018 04:41:59 GMT" time="33.434" errors="0">
  <testcase name="openTailorManStore" time="33.388" classname="com.tailorManStore.businessScript.LoginTestCase"/>
  <testcase name="varifyTailorManStoreTitle" time="0.046" classname="com.tailorManStore.businessScript.LoginTestCase"/>
</testsuite> <!-- com.tailorManStore.businessScript.LoginTestCase -->
