<?xml version="1.0" encoding="UTF-8"?>
<!-- Generated by org.testng.reporters.JUnitReportReporter -->
<testsuite skipped="0" hostname="Walkingtree-PC" name="com.store.script.HomePageScript" tests="2" failures="0" timestamp="15 May 2018 08:18:37 GMT" time="2.562" errors="0">
  <testcase name="checkHomePageFieldExistance" time="1.311" classname="com.store.script.HomePageScript"/>
  <testcase name="CheckAllLinkIsRedirectingToCorrectPageOrNot" time="1.251" classname="com.store.script.HomePageScript"/>
</testsuite> <!-- com.store.script.HomePageScript -->
