<?xml version="1.0" encoding="UTF-8"?>
<!-- Generated by org.testng.reporters.JUnitReportReporter -->
<testsuite skipped="0" hostname="Walkingtree-PC" name="com.tailorMan.testCase.StoreNameTestCase" tests="1" failures="0" timestamp="13 Apr 2018 11:05:18 GMT" time="5.823" errors="0">
  <testcase name="verifyStoreNamePresentOrNot" time="5.823" classname="com.tailorMan.testCase.StoreNameTestCase"/>
</testsuite> <!-- com.tailorMan.testCase.StoreNameTestCase -->
