<?xml version="1.0" encoding="UTF-8"?>
<!-- Generated by org.testng.reporters.JUnitReportReporter -->
<testsuite skipped="0" hostname="Walkingtree-PC" name="com.tailorMan.testCase.LoginTailorMan" tests="1" failures="0" timestamp="10 Apr 2018 13:23:30 GMT" time="101.544" errors="0">
  <testcase name="login" time="101.544" classname="com.tailorMan.testCase.LoginTailorMan"/>
</testsuite> <!-- com.tailorMan.testCase.LoginTailorMan -->
