<?xml version="1.0" encoding="UTF-8"?>
<!-- Generated by org.testng.reporters.JUnitReportReporter -->
<testsuite skipped="0" hostname="Walkingtree-PC" name="com.tailorMan.testCase.LoginTestCase" tests="3" failures="0" timestamp="12 Apr 2018 07:38:42 GMT" time="16.641" errors="0">
  <testcase name="openTailorManStore" time="4.379" classname="com.tailorMan.testCase.LoginTestCase"/>
  <testcase name="varifyTailorManStoreTitle" time="0.125" classname="com.tailorMan.testCase.LoginTestCase"/>
  <testcase name="verifyLogin" time="12.137" classname="com.tailorMan.testCase.LoginTestCase"/>
</testsuite> <!-- com.tailorMan.testCase.LoginTestCase -->
