<?xml version="1.0" encoding="UTF-8"?>
<!-- Generated by org.testng.reporters.JUnitReportReporter -->
<testsuite skipped="0" hostname="Walkingtree-PC" name="com.tailorMan.testCase.LoginTestCase" tests="3" failures="0" timestamp="13 Apr 2018 11:05:18 GMT" time="23.857" errors="0">
  <testcase name="openTailorManStore" time="10.101" classname="com.tailorMan.testCase.LoginTestCase"/>
  <testcase name="varifyTailorManStoreTitle" time="0.123" classname="com.tailorMan.testCase.LoginTestCase"/>
  <testcase name="verifyLogin" time="13.633" classname="com.tailorMan.testCase.LoginTestCase"/>
</testsuite> <!-- com.tailorMan.testCase.LoginTestCase -->
