<?xml version="1.0" encoding="UTF-8"?>
<!-- Generated by org.testng.reporters.JUnitReportReporter -->
<testsuite skipped="0" hostname="Walkingtree-PC" name="com.tailorMan.testCase.LoginTestCase" tests="3" failures="0" timestamp="11 Apr 2018 13:40:16 GMT" time="23.655" errors="0">
  <testcase name="openTailorManStore" time="11.400" classname="com.tailorMan.testCase.LoginTestCase"/>
  <testcase name="varifyTailorManStoreTitle" time="0.016" classname="com.tailorMan.testCase.LoginTestCase"/>
  <testcase name="verifyLogin" time="12.239" classname="com.tailorMan.testCase.LoginTestCase"/>
</testsuite> <!-- com.tailorMan.testCase.LoginTestCase -->
